{"contracts/DemoToken.sol":{"l":{"10":2,"14":0},"path":"/Users/zip520123/Documents/eth/simpleErc20/contracts/DemoToken.sol","s":{"1":2,"2":0},"b":{},"f":{"1":2,"2":0},"fnMap":{"1":{"name":"constructor","line":9,"loc":{"start":{"line":9,"column":2},"end":{"line":9,"column":59}}},"2":{"name":"printInitialSupply","line":13,"loc":{"start":{"line":13,"column":2},"end":{"line":13,"column":52}}}},"statementMap":{"1":{"start":{"line":10,"column":4},"end":{"line":10,"column":36}},"2":{"start":{"line":14,"column":4},"end":{"line":14,"column":25}}},"branchMap":{}}}